Case #1: our language is impossible to understand
Case #2: there are twenty six factorial possibilities
Case #3: so it is okay if you want to just give up
Case #4: xoggk d yl wxo vkkvgo ekso uyl wonw sywy
Case #5: xkf yto akj
Case #6: yabba dabba yabba dabba yabba dabba yabba dabba yabba dabba yabba dabba yabba dabba yabba dooooooooo
Case #7: a b c d e f g h i j k l m n o p q r s t u v y w x y z now i know my abcs
Case #8: next time wont you sing with me
Case #9: for those who speak in a tongue do not speak to other people
Case #10: nobody understands them since they are speaking mysteries in the spirit
Case #11: right i forgot here in the states you call it a sausage in the mouth
Case #12: im commander shepard and this is my favorite problem on the google code jam
Case #13: why do programmers always mix up halloween and christmas
Case #14: oh yeah alright were gonna shake it up with the party bear tonight
Case #15: oh nooooo goggalor is headed for the orphanage
Case #16: oh my god lets make out
Case #17: you want sell things at me boing zooom
Case #18: all your base are belong to error the spoony bard
Case #19: this here is gunpowder activated twenty seven caliber full auto no kickback nailthrowing mayhem
Case #20: swift as the wind quiet as the forest steady as the mountain
Case #21: thank you but the real googlerese is in another castle
Case #22: each of us has his own special gift and you know this was meant to be true
Case #23: and if you dont underestimate me i wont underestimate you
Case #24: i have bested fruit spike and moon now i shall best you the guy
Case #25: my name is dug i have just met you and i looove you
Case #26: this is so exciting i have to go the bathroom
Case #27: in a world of direwolves and lions sometimes the rarest creature is a friend
Case #28: pneumonoultramicroscopicsilicovolcanoconiosis
Case #29: friends dont let friends let scientific progress go boink
Case #30: how are you holding up because im a potato
